<?xml version="1.0" encoding="UTF-8"?>
<!-- Generated by org.testng.reporters.JUnitReportReporter -->
<testsuite hostname="APPCWLAP1261" name="scripts.AutomationDemo" tests="1" failures="0" timestamp="8 Jun 2023 13:57:32 GMT" time="42.926" errors="0">
  <testcase name="testCaseFlow" time="42.926" classname="scripts.AutomationDemo"/>
</testsuite> <!-- scripts.AutomationDemo -->
