<?xml version="1.0" encoding="UTF-8"?>
<!-- Generated by org.testng.reporters.JUnitReportReporter -->
<testsuite hostname="APPCWLAP1261" name="takamol.TC02_TakamolE2E_IICServiceRequest" tests="1" failures="0" timestamp="21 Apr 2023 10:22:53 GMT" time="19.745" errors="0">
  <testcase name="testCaseFlow" time="19.745" classname="takamol.TC02_TakamolE2E_IICServiceRequest"/>
</testsuite> <!-- takamol.TC02_TakamolE2E_IICServiceRequest -->
