<?xml version="1.0" encoding="UTF-8"?>
<!-- Generated by org.testng.reporters.JUnitReportReporter -->
<testsuite hostname="APPCWLAP1261" name="takamol.TC02_TakamolE2E_IICServiceRequest" tests="1" failures="0" timestamp="7 Jun 2023 12:18:48 GMT" time="172.638" errors="0">
  <testcase name="testCaseFlow" time="172.638" classname="takamol.TC02_TakamolE2E_IICServiceRequest"/>
</testsuite> <!-- takamol.TC02_TakamolE2E_IICServiceRequest -->
